<?xml version="1.0" encoding="UTF-8"?>
<testng-results ignored="0" total="2" passed="2" failed="0" skipped="0">
  <reporter-output>
  </reporter-output>
  <suite started-at="2023-04-18T17:13:46 IST" name="Default suite" finished-at="2023-04-18T17:14:33 IST" duration-ms="47831">
    <groups>
    </groups>
    <test started-at="2023-04-18T17:13:46 IST" name="Default test" finished-at="2023-04-18T17:14:33 IST" duration-ms="47831">
      <class name="Library_File.Avantika_maven.TestClass_Av">
        <test-method is-config="true" signature="openAmazon()[pri:0, instance:Library_File.Avantika_maven.TestClass_Av@1de5f259]" started-at="2023-04-18T17:13:46 IST" name="openAmazon" finished-at="2023-04-18T17:13:55 IST" duration-ms="9859" status="PASS">
          <reporter-output>
          </reporter-output>
        </test-method> <!-- openAmazon -->
        <test-method is-config="true" signature="login()[pri:0, instance:Library_File.Avantika_maven.TestClass_Av@1de5f259]" started-at="2023-04-18T17:13:55 IST" name="login" finished-at="2023-04-18T17:14:00 IST" duration-ms="4854" status="PASS">
          <reporter-output>
          </reporter-output>
        </test-method> <!-- login -->
        <test-method signature="Button()[pri:0, instance:Library_File.Avantika_maven.TestClass_Av@1de5f259]" started-at="2023-04-18T17:14:00 IST" name="Button" finished-at="2023-04-18T17:14:07 IST" duration-ms="6747" status="PASS">
          <reporter-output>
          </reporter-output>
        </test-method> <!-- Button -->
        <test-method is-config="true" signature="LogOut(org.testng.ITestResult)[pri:0, instance:Library_File.Avantika_maven.TestClass_Av@1de5f259]" started-at="2023-04-18T17:14:07 IST" name="LogOut" finished-at="2023-04-18T17:14:09 IST" duration-ms="1619" status="PASS">
          <params>
            <param index="0">
              <value>
                <![CDATA[[TestResult name=Button status=SUCCESS method=TestClass_Av.Button()[pri:0, instance:Library_File.Avantika_maven.TestClass_Av@1de5f259] output={null}]]]>
              </value>
            </param>
          </params>
          <reporter-output>
          </reporter-output>
        </test-method> <!-- LogOut -->
        <test-method is-config="true" signature="login()[pri:0, instance:Library_File.Avantika_maven.TestClass_Av@1de5f259]" started-at="2023-04-18T17:14:09 IST" name="login" finished-at="2023-04-18T17:14:25 IST" duration-ms="15887" status="PASS">
          <reporter-output>
          </reporter-output>
        </test-method> <!-- login -->
        <test-method signature="verifyUserName()[pri:0, instance:Library_File.Avantika_maven.TestClass_Av@1de5f259]" started-at="2023-04-18T17:14:25 IST" name="verifyUserName" finished-at="2023-04-18T17:14:32 IST" duration-ms="6958" status="PASS">
          <reporter-output>
          </reporter-output>
        </test-method> <!-- verifyUserName -->
        <test-method is-config="true" signature="LogOut(org.testng.ITestResult)[pri:0, instance:Library_File.Avantika_maven.TestClass_Av@1de5f259]" started-at="2023-04-18T17:14:32 IST" name="LogOut" finished-at="2023-04-18T17:14:33 IST" duration-ms="1663" status="PASS">
          <params>
            <param index="0">
              <value>
                <![CDATA[[TestResult name=verifyUserName status=SUCCESS method=TestClass_Av.verifyUserName()[pri:0, instance:Library_File.Avantika_maven.TestClass_Av@1de5f259] output={null}]]]>
              </value>
            </param>
          </params>
          <reporter-output>
          </reporter-output>
        </test-method> <!-- LogOut -->
        <test-method is-config="true" signature="close()[pri:0, instance:Library_File.Avantika_maven.TestClass_Av@1de5f259]" started-at="2023-04-18T17:14:33 IST" name="close" finished-at="2023-04-18T17:14:33 IST" duration-ms="188" status="PASS">
          <reporter-output>
          </reporter-output>
        </test-method> <!-- close -->
      </class> <!-- Library_File.Avantika_maven.TestClass_Av -->
    </test> <!-- Default test -->
  </suite> <!-- Default suite -->
</testng-results>
